c:\sewoong\programming\개인 프로젝트\woong's adventure\woong's adventure\woong's adventure\debug\vc141.pdb
c:\sewoong\programming\개인 프로젝트\woong's adventure\woong's adventure\woong's adventure\debug\vc141.idb
c:\sewoong\programming\개인 프로젝트\woong's adventure\woong's adventure\woong's adventure\debug\warrior.obj
c:\sewoong\programming\개인 프로젝트\woong's adventure\woong's adventure\woong's adventure\debug\slime.obj
c:\sewoong\programming\개인 프로젝트\woong's adventure\woong's adventure\woong's adventure\debug\monster.obj
c:\sewoong\programming\개인 프로젝트\woong's adventure\woong's adventure\woong's adventure\debug\magician.obj
c:\sewoong\programming\개인 프로젝트\woong's adventure\woong's adventure\woong's adventure\debug\goblin.obj
c:\sewoong\programming\개인 프로젝트\woong's adventure\woong's adventure\woong's adventure\debug\gameview.obj
c:\sewoong\programming\개인 프로젝트\woong's adventure\woong's adventure\woong's adventure\debug\gamecontroller.obj
c:\sewoong\programming\개인 프로젝트\woong's adventure\woong's adventure\woong's adventure\debug\bear.obj
c:\sewoong\programming\개인 프로젝트\woong's adventure\woong's adventure\woong's adventure\debug\archer.obj
c:\sewoong\programming\개인 프로젝트\woong's adventure\woong's adventure\woong's adventure\debug\main.obj
c:\sewoong\programming\개인 프로젝트\woong's adventure\woong's adventure\woong's adventure\debug\solider.obj
c:\sewoong\programming\개인 프로젝트\woong's adventure\woong's adventure\debug\woong's adventure.exe
c:\sewoong\programming\개인 프로젝트\woong's adventure\woong's adventure\debug\woong's adventure.ilk
c:\sewoong\programming\개인 프로젝트\woong's adventure\woong's adventure\debug\woong's adventure.pdb
c:\sewoong\programming\개인 프로젝트\woong's adventure\woong's adventure\woong's adventure\debug\woong's .0b41c525.tlog\cl.command.1.tlog
c:\sewoong\programming\개인 프로젝트\woong's adventure\woong's adventure\woong's adventure\debug\woong's .0b41c525.tlog\cl.read.1.tlog
c:\sewoong\programming\개인 프로젝트\woong's adventure\woong's adventure\woong's adventure\debug\woong's .0b41c525.tlog\cl.write.1.tlog
c:\sewoong\programming\개인 프로젝트\woong's adventure\woong's adventure\woong's adventure\debug\woong's .0b41c525.tlog\link.command.1.tlog
c:\sewoong\programming\개인 프로젝트\woong's adventure\woong's adventure\woong's adventure\debug\woong's .0b41c525.tlog\link.read.1.tlog
c:\sewoong\programming\개인 프로젝트\woong's adventure\woong's adventure\woong's adventure\debug\woong's .0b41c525.tlog\link.write.1.tlog
